<?xml version="1.0" encoding="utf-8" standalone="no"?>
<!--This file represents the results of running a test suite-->
<test-results name="C:\Users\Joshua\Desktop\IT7302_MonopolyProject_21102588_JoshuaCandish\Tests\bin\Debug\Tests.dll" total="4" errors="0" failures="0" not-run="0" inconclusive="0" ignored="0" skipped="0" invalid="0" date="2014-09-05" time="14:47:15">
  <environment nunit-version="2.5.10.11092" clr-version="4.0.30319.34014" os-version="Microsoft Windows NT 6.2.9200.0" platform="Win32NT" cwd="C:\WINDOWS\system32" machine-name="JOSH_SSD-PC" user="Joshua" user-domain="JOSH_SSD-PC" />
  <culture-info current-culture="en-NZ" current-uiculture="en-GB" />
  <test-suite type="Assembly" name="C:\Users\Joshua\Desktop\IT7302_MonopolyProject_21102588_JoshuaCandish\Tests\bin\Debug\Tests.dll" executed="True" result="Success" success="True" time="0.543" asserts="0">
    <results>
      <test-suite type="Namespace" name="Tests" executed="True" result="Success" success="True" time="0.543" asserts="0">
        <results>
          <test-suite type="TestFixture" name="DieTests" executed="True" result="Success" success="True" time="0.543" asserts="0">
            <results>
              <test-case name="Tests.DieTests.should_return_the_last_number_rolled" executed="True" result="Success" success="True" time="0.006" asserts="1" />
              <test-case name="Tests.DieTests.when_rolling_die_it_should_always_return_a_random_number_between_1_and_6" executed="True" result="Success" success="True" time="0.522" asserts="2000000" />
              <test-case name="Tests.DieTests.when_rolling_die_it_should_return_a_random_number_between_1_and_6" executed="True" result="Success" success="True" time="0.000" asserts="2" />
              <test-case name="Tests.DieTests.when_rolling_die_result_should_be_random" executed="True" result="Success" success="True" time="0.004" asserts="0" />
            </results>
          </test-suite>
        </results>
      </test-suite>
    </results>
  </test-suite>
</test-results>